Unity Editor version:    2021.3.5f1 (40eb3a945986)
Branch:                  2021.3/staging
Build type:              Release
Batch mode:              YES
macOS version:           Version 14.5 (Build 23F79)
Darwin version:          23.5.0
Architecture:            arm64
Running under Rosetta:   NO
Available memory:        16384 MB
Using pre-set license
Pro License: YES

COMMAND LINE ARGUMENTS:
/Applications/Unity/Hub/Editor/2021.3.5f1/Unity.app/Contents/MacOS/Unity
-adb2
-batchMode
-noUpm
-name
AssetImportWorker1
-projectPath
/Users/alexo/UnityProjects/GAME351_Project1
-logFile
Logs/AssetImportWorker1.log
-srvPort
57583
Successfully changed project path to: /Users/alexo/UnityProjects/GAME351_Project1
/Users/alexo/UnityProjects/GAME351_Project1
[UnityMemory] Configuration Parameters - Can be set up in boot.config
    "memorysetup-bucket-allocator-granularity=16"
    "memorysetup-bucket-allocator-bucket-count=8"
    "memorysetup-bucket-allocator-block-size=33554432"
    "memorysetup-bucket-allocator-block-count=8"
    "memorysetup-main-allocator-block-size=16777216"
    "memorysetup-thread-allocator-block-size=16777216"
    "memorysetup-gfx-main-allocator-block-size=16777216"
    "memorysetup-gfx-thread-allocator-block-size=16777216"
    "memorysetup-cache-allocator-block-size=4194304"
    "memorysetup-typetree-allocator-block-size=2097152"
    "memorysetup-profiler-bucket-allocator-granularity=16"
    "memorysetup-profiler-bucket-allocator-bucket-count=8"
    "memorysetup-profiler-bucket-allocator-block-size=33554432"
    "memorysetup-profiler-bucket-allocator-block-count=8"
    "memorysetup-profiler-allocator-block-size=16777216"
    "memorysetup-profiler-editor-allocator-block-size=1048576"
    "memorysetup-temp-allocator-size-main=16777216"
    "memorysetup-job-temp-allocator-block-size=2097152"
    "memorysetup-job-temp-allocator-block-size-background=1048576"
    "memorysetup-job-temp-allocator-reduction-small-platforms=262144"
    "memorysetup-temp-allocator-size-background-worker=32768"
    "memorysetup-temp-allocator-size-job-worker=262144"
    "memorysetup-temp-allocator-size-preload-manager=33554432"
    "memorysetup-temp-allocator-size-nav-mesh-worker=65536"
    "memorysetup-temp-allocator-size-audio-worker=65536"
    "memorysetup-temp-allocator-size-cloud-worker=32768"
    "memorysetup-temp-allocator-size-gi-baking-worker=262144"
    "memorysetup-temp-allocator-size-gfx=262144"
Refreshing native plugins compatible for Editor in 53.53 ms, found 2 plugins.
Preloading 0 native plugins for Editor in 0.00 ms.
Initialize engine version: 2021.3.5f1 (40eb3a945986)
[Subsystems] Discovering subsystems at path /Applications/Unity/Hub/Editor/2021.3.5f1/Unity.app/Contents/Resources/UnitySubsystems
[Subsystems] Discovering subsystems at path /Users/alexo/UnityProjects/GAME351_Project1/Assets
GfxDevice: creating device client; threaded=0; jobified=0
 preferred device: Apple M3 (high power)
Metal devices available: 1
0: Apple M3 (high power)
Using device Apple M3 (high power)
Initializing Metal device caps: Apple M3
Initialize mono
Mono path[0] = '/Applications/Unity/Hub/Editor/2021.3.5f1/Unity.app/Contents/Managed'
Mono path[1] = '/Applications/Unity/Hub/Editor/2021.3.5f1/Unity.app/Contents/MonoBleedingEdge/lib/mono/unityjit-macos'
Mono config path = '/Applications/Unity/Hub/Editor/2021.3.5f1/Unity.app/Contents/MonoBleedingEdge/etc'
Using monoOptions --debugger-agent=transport=dt_socket,embedding=1,server=y,suspend=n,address=127.0.0.1:56369
Begin MonoManager ReloadAssembly
Registering precompiled unity dll's ...
Register platform support module: /Applications/Unity/Hub/Editor/2021.3.5f1/Unity.app/Contents/PlaybackEngines/MacStandaloneSupport/UnityEditor.OSXStandalone.Extensions.dll
Registered in 0.001232 seconds.
Native extension for OSXStandalone target not found
Refreshing native plugins compatible for Editor in 52.22 ms, found 2 plugins.
Preloading 0 native plugins for Editor in 0.00 ms.
Mono: successfully reloaded assembly
- Completed reload, in  0.354 seconds
Domain Reload Profiling:
	ReloadAssembly (354ms)
		BeginReloadAssembly (55ms)
			ExecutionOrderSort (0ms)
			DisableScriptedObjects (0ms)
			BackupInstance (0ms)
			ReleaseScriptingObjects (0ms)
			CreateAndSetChildDomain (0ms)
		EndReloadAssembly (241ms)
			LoadAssemblies (55ms)
			RebuildTransferFunctionScriptingTraits (0ms)
			SetupTypeCache (58ms)
			ReleaseScriptCaches (0ms)
			RebuildScriptCaches (20ms)
			SetupLoadedEditorAssemblies (140ms)
				LogAssemblyErrors (0ms)
				InitializePlatformSupportModulesInManaged (3ms)
				SetLoadedEditorAssemblies (0ms)
				RefreshPlugins (52ms)
				BeforeProcessingInitializeOnLoad (1ms)
				ProcessInitializeOnLoadAttributes (63ms)
				ProcessInitializeOnLoadMethodAttributes (21ms)
				AfterProcessingInitializeOnLoad (0ms)
				EditorAssembliesLoaded (0ms)
			ExecutionOrderSort2 (0ms)
			AwakeInstancesAfterBackupRestoration (0ms)
Platform modules already initialized, skipping
Registering precompiled user dll's ...
Registered in 0.004830 seconds.
Begin MonoManager ReloadAssembly
Symbol file LoadedFromMemory doesn't match image /Users/alexo/UnityProjects/GAME351_Project1/Library/PackageCache/com.unity.visualscripting@1.7.8/Editor/VisualScripting.Core/Dependencies/YamlDotNet/Unity.VisualScripting.YamlDotNet.dll
Symbol file LoadedFromMemory doesn't match image /Users/alexo/UnityProjects/GAME351_Project1/Library/PackageCache/com.unity.visualscripting@1.7.8/Editor/VisualScripting.Core/Dependencies/DotNetZip/Unity.VisualScripting.IonicZip.dll
Native extension for OSXStandalone target not found
Refreshing native plugins compatible for Editor in 0.37 ms, found 2 plugins.
Preloading 0 native plugins for Editor in 0.00 ms.
Mono: successfully reloaded assembly
- Completed reload, in  0.514 seconds
Domain Reload Profiling:
	ReloadAssembly (514ms)
		BeginReloadAssembly (48ms)
			ExecutionOrderSort (0ms)
			DisableScriptedObjects (3ms)
			BackupInstance (0ms)
			ReleaseScriptingObjects (0ms)
			CreateAndSetChildDomain (15ms)
		EndReloadAssembly (405ms)
			LoadAssemblies (47ms)
			RebuildTransferFunctionScriptingTraits (0ms)
			SetupTypeCache (126ms)
			ReleaseScriptCaches (1ms)
			RebuildScriptCaches (30ms)
			SetupLoadedEditorAssemblies (176ms)
				LogAssemblyErrors (0ms)
				InitializePlatformSupportModulesInManaged (2ms)
				SetLoadedEditorAssemblies (0ms)
				RefreshPlugins (0ms)
				BeforeProcessingInitializeOnLoad (40ms)
				ProcessInitializeOnLoadAttributes (118ms)
				ProcessInitializeOnLoadMethodAttributes (15ms)
				AfterProcessingInitializeOnLoad (0ms)
				EditorAssembliesLoaded (0ms)
			ExecutionOrderSort2 (0ms)
			AwakeInstancesAfterBackupRestoration (2ms)
Platform modules already initialized, skipping
========================================================================
Worker process is ready to serve import requests
Launching external process: /Applications/Unity/Hub/Editor/2021.3.5f1/Unity.app/Contents/Tools/UnityShaderCompiler
Launched and connected shader compiler UnityShaderCompiler after 0.03 seconds
Refreshing native plugins compatible for Editor in 0.35 ms, found 2 plugins.
Preloading 0 native plugins for Editor in 0.00 ms.
Unloading 3639 Unused Serialized files (Serialized files now loaded: 0)
Unloading 27 unused Assets / (98.7 KB). Loaded Objects now: 4116.
Memory consumption went from 129.0 MB to 128.9 MB.
Total: 9.027917 ms (FindLiveObjects: 0.157375 ms CreateObjectMapping: 0.037334 ms MarkObjects: 8.582583 ms  DeleteObjects: 0.250000 ms)

AssetImportParameters requested are different than current active one (requested -> active):
  custom:video-decoder-ogg-theora: a1e56fd34408186e4bbccfd4996cb3dc -> 
  custom:container-muxer-webm: aa71ff27fc2769a1b78a27578f13a17b -> 
  custom:container-demuxer-webm: 4f35f7cbe854078d1ac9338744f61a02 -> 
  custom:video-encoder-webm-vp8: eb34c28f22e8b96e1ab97ce403110664 -> 
  custom:framework-osx-AVFoundation: e770b220cccbd017edd2c1fefb359320 -> 
  custom:audio-encoder-webm-vorbis: bf7c407c2cedff20999df2af8eb42d56 -> 
  custom:container-demuxer-ogg: 62fdf1f143b41e24485cea50d1cbac27 -> 
  custom:video-decoder-webm-vp8: 9c59270c3fd7afecdb556c50c9e8de78 -> 
  custom:audio-decoder-ogg-vorbis: bf7c407c2cedff20999df2af8eb42d56 -> 
========================================================================
Received Import Request.
  Time since last request: 41201.021396 seconds.
  path: Assets/Mountain Terrain rocks and tree/URP Setup
  artifactKey: Guid(005e37288296f0141ab4758cef50cf72) Importer(815301076,1909f56bfc062723c751e8b465ee728b)
Start importing Assets/Mountain Terrain rocks and tree/URP Setup using Guid(005e37288296f0141ab4758cef50cf72) Importer(815301076,1909f56bfc062723c751e8b465ee728b)  -> (artifact id: 'bf2eb2920f394cd6cb9b627484273863') in 0.008922 seconds 
========================================================================
Received Import Request.
  Time since last request: 137.708221 seconds.
  path: Assets/Mountain Terrain rocks and tree/Materials/Trees/tree_01/leaves_01.mat
  artifactKey: Guid(1e70e5a8fc4cd8140b85bdad32d6772b) Importer(815301076,1909f56bfc062723c751e8b465ee728b)
Start importing Assets/Mountain Terrain rocks and tree/Materials/Trees/tree_01/leaves_01.mat using Guid(1e70e5a8fc4cd8140b85bdad32d6772b) Importer(815301076,1909f56bfc062723c751e8b465ee728b)  -> (artifact id: '716129a82486a15644dee03786705405') in 0.149977 seconds 
========================================================================
Received Import Request.
  Time since last request: 367.856011 seconds.
  path: Assets/Brick Texture LITE/Prefabs/Floor (2).prefab
  artifactKey: Guid(f1071b710211d4d489f4a81ffca15cc6) Importer(815301076,1909f56bfc062723c751e8b465ee728b)
Start importing Assets/Brick Texture LITE/Prefabs/Floor (2).prefab using Guid(f1071b710211d4d489f4a81ffca15cc6) Importer(815301076,1909f56bfc062723c751e8b465ee728b)  -> (artifact id: '3c25113cbad2a26b6c79bd4e8182da17') in 0.083354 seconds 
========================================================================
Received Import Request.
  Time since last request: 0.000044 seconds.
  path: Assets/Brick Texture LITE/Prefabs/Floor (4).prefab
  artifactKey: Guid(d22b550028d3e6b439bd113099763cc8) Importer(815301076,1909f56bfc062723c751e8b465ee728b)
Start importing Assets/Brick Texture LITE/Prefabs/Floor (4).prefab using Guid(d22b550028d3e6b439bd113099763cc8) Importer(815301076,1909f56bfc062723c751e8b465ee728b)  -> (artifact id: '5093c016773916c52469a850719038df') in 0.006657 seconds 
========================================================================
Received Import Request.
  Time since last request: 329.567520 seconds.
  path: Assets/Brick Texture LITE/Materials/LITE/Brick 1.mat
  artifactKey: Guid(5ebc2312b1266f84e95742a7912a8948) Importer(815301076,1909f56bfc062723c751e8b465ee728b)
Start importing Assets/Brick Texture LITE/Materials/LITE/Brick 1.mat using Guid(5ebc2312b1266f84e95742a7912a8948) Importer(815301076,1909f56bfc062723c751e8b465ee728b)  -> (artifact id: '7014ced14a39bcd773ef21a868a43027') in 0.092167 seconds 
========================================================================
Received Import Request.
  Time since last request: 0.004266 seconds.
  path: Assets/Brick Texture LITE/Materials/LITE/Brick 4.mat
  artifactKey: Guid(2eab3ba336284b7418302a5c93bf655b) Importer(815301076,1909f56bfc062723c751e8b465ee728b)
Start importing Assets/Brick Texture LITE/Materials/LITE/Brick 4.mat using Guid(2eab3ba336284b7418302a5c93bf655b) Importer(815301076,1909f56bfc062723c751e8b465ee728b)  -> (artifact id: 'dbdc13c60e95da86b40240d3a804a646') in 0.007325 seconds 
========================================================================
Received Prepare
Registering precompiled user dll's ...
Registered in 0.000952 seconds.
Begin MonoManager ReloadAssembly
Thread 0x31a08f000 may have been prematurely finalized
Symbol file LoadedFromMemory doesn't match image /Users/alexo/UnityProjects/GAME351_Project1/Library/PackageCache/com.unity.visualscripting@1.7.8/Editor/VisualScripting.Core/Dependencies/YamlDotNet/Unity.VisualScripting.YamlDotNet.dll
Symbol file LoadedFromMemory doesn't match image /Users/alexo/UnityProjects/GAME351_Project1/Library/PackageCache/com.unity.visualscripting@1.7.8/Editor/VisualScripting.Core/Dependencies/DotNetZip/Unity.VisualScripting.IonicZip.dll
Native extension for OSXStandalone target not found
Refreshing native plugins compatible for Editor in 0.46 ms, found 2 plugins.
Preloading 0 native plugins for Editor in 0.00 ms.
Mono: successfully reloaded assembly
- Completed reload, in  0.478 seconds
Domain Reload Profiling:
	ReloadAssembly (478ms)
		BeginReloadAssembly (85ms)
			ExecutionOrderSort (0ms)
			DisableScriptedObjects (2ms)
			BackupInstance (0ms)
			ReleaseScriptingObjects (0ms)
			CreateAndSetChildDomain (34ms)
		EndReloadAssembly (345ms)
			LoadAssemblies (36ms)
			RebuildTransferFunctionScriptingTraits (0ms)
			SetupTypeCache (120ms)
			ReleaseScriptCaches (1ms)
			RebuildScriptCaches (24ms)
			SetupLoadedEditorAssemblies (146ms)
				LogAssemblyErrors (0ms)
				InitializePlatformSupportModulesInManaged (4ms)
				SetLoadedEditorAssemblies (0ms)
				RefreshPlugins (0ms)
				BeforeProcessingInitializeOnLoad (28ms)
				ProcessInitializeOnLoadAttributes (101ms)
				ProcessInitializeOnLoadMethodAttributes (13ms)
				AfterProcessingInitializeOnLoad (1ms)
				EditorAssembliesLoaded (0ms)
			ExecutionOrderSort2 (0ms)
			AwakeInstancesAfterBackupRestoration (2ms)
Platform modules already initialized, skipping
Refreshing native plugins compatible for Editor in 1.26 ms, found 2 plugins.
Preloading 0 native plugins for Editor in 0.00 ms.
Unloading 3621 Unused Serialized files (Serialized files now loaded: 0)
Unloading 22 unused Assets / (0.8 MB). Loaded Objects now: 4162.
Memory consumption went from 291.5 MB to 290.7 MB.
Total: 4.480000 ms (FindLiveObjects: 0.122959 ms CreateObjectMapping: 0.041459 ms MarkObjects: 4.127625 ms  DeleteObjects: 0.187500 ms)

AssetImportParameters requested are different than current active one (requested -> active):
  custom:video-decoder-ogg-theora: a1e56fd34408186e4bbccfd4996cb3dc -> 
  custom:container-muxer-webm: aa71ff27fc2769a1b78a27578f13a17b -> 
  custom:container-demuxer-webm: 4f35f7cbe854078d1ac9338744f61a02 -> 
  custom:video-encoder-webm-vp8: eb34c28f22e8b96e1ab97ce403110664 -> 
  custom:framework-osx-AVFoundation: e770b220cccbd017edd2c1fefb359320 -> 
  custom:audio-encoder-webm-vorbis: bf7c407c2cedff20999df2af8eb42d56 -> 
  custom:container-demuxer-ogg: 62fdf1f143b41e24485cea50d1cbac27 -> 
  custom:video-decoder-webm-vp8: 9c59270c3fd7afecdb556c50c9e8de78 -> 
  custom:audio-decoder-ogg-vorbis: bf7c407c2cedff20999df2af8eb42d56 -> 
========================================================================
Received Import Request.
  Time since last request: 67.305106 seconds.
  path: Assets/_TerrainAutoUpgrade/layer_Grass608c3929b87867c.terrainlayer
  artifactKey: Guid(c636686b2502340cd87059abb231bba6) Importer(815301076,1909f56bfc062723c751e8b465ee728b)
Start importing Assets/_TerrainAutoUpgrade/layer_Grass608c3929b87867c.terrainlayer using Guid(c636686b2502340cd87059abb231bba6) Importer(815301076,1909f56bfc062723c751e8b465ee728b)  -> (artifact id: '9c0ee8db034d1d715193e020aa4a13ed') in 0.114987 seconds 
========================================================================
Received Import Request.
  Time since last request: 166.918124 seconds.
  path: Assets/AQUAS-Lite/Textures/AQUAS_Foam.jpg
  artifactKey: Guid(6cb123095ca4b4e4680773312ba1c076) Importer(815301076,1909f56bfc062723c751e8b465ee728b)
Start importing Assets/AQUAS-Lite/Textures/AQUAS_Foam.jpg using Guid(6cb123095ca4b4e4680773312ba1c076) Importer(815301076,1909f56bfc062723c751e8b465ee728b)  -> (artifact id: 'c1714762c4ac0a75c5713c11cdca9737') in 0.140372 seconds 
========================================================================
Received Import Request.
  Time since last request: 955.318115 seconds.
  path: Assets/AQUAS-Lite/Demo/Textures/RockGrassy_normal.jpg
  artifactKey: Guid(e0deaff0e88983949ad2c760894c6590) Importer(815301076,1909f56bfc062723c751e8b465ee728b)
Start importing Assets/AQUAS-Lite/Demo/Textures/RockGrassy_normal.jpg using Guid(e0deaff0e88983949ad2c760894c6590) Importer(815301076,1909f56bfc062723c751e8b465ee728b)  -> (artifact id: 'fd19c31ff5788b159bfa12cd0a0ec05a') in 0.067861 seconds 
========================================================================
Received Import Request.
  Time since last request: 750.863780 seconds.
  path: Assets/Brick Texture LITE/Textures/S1_Black_White/Plane 3D_lambert1_MetallicSmoothness.png
  artifactKey: Guid(d5d9ede85998e6d42943a86fc3a28617) Importer(815301076,1909f56bfc062723c751e8b465ee728b)
Start importing Assets/Brick Texture LITE/Textures/S1_Black_White/Plane 3D_lambert1_MetallicSmoothness.png using Guid(d5d9ede85998e6d42943a86fc3a28617) Importer(815301076,1909f56bfc062723c751e8b465ee728b)  -> (artifact id: 'd668134350dae2fa5c92a96d5ce8a1ef') in 0.119773 seconds 
