Unity Editor version:    2021.3.5f1 (40eb3a945986)
Branch:                  2021.3/staging
Build type:              Release
Batch mode:              YES
macOS version:           Version 14.5 (Build 23F79)
Darwin version:          23.5.0
Architecture:            arm64
Running under Rosetta:   NO
Available memory:        16384 MB
Using pre-set license
Pro License: YES

COMMAND LINE ARGUMENTS:
/Applications/Unity/Hub/Editor/2021.3.5f1/Unity.app/Contents/MacOS/Unity
-adb2
-batchMode
-noUpm
-name
AssetImportWorker0
-projectPath
/Users/alexo/UnityProjects/GAME351_Project1
-logFile
Logs/AssetImportWorker0.log
-srvPort
57583
Successfully changed project path to: /Users/alexo/UnityProjects/GAME351_Project1
/Users/alexo/UnityProjects/GAME351_Project1
[UnityMemory] Configuration Parameters - Can be set up in boot.config
    "memorysetup-bucket-allocator-granularity=16"
    "memorysetup-bucket-allocator-bucket-count=8"
    "memorysetup-bucket-allocator-block-size=33554432"
    "memorysetup-bucket-allocator-block-count=8"
    "memorysetup-main-allocator-block-size=16777216"
    "memorysetup-thread-allocator-block-size=16777216"
    "memorysetup-gfx-main-allocator-block-size=16777216"
    "memorysetup-gfx-thread-allocator-block-size=16777216"
    "memorysetup-cache-allocator-block-size=4194304"
    "memorysetup-typetree-allocator-block-size=2097152"
    "memorysetup-profiler-bucket-allocator-granularity=16"
    "memorysetup-profiler-bucket-allocator-bucket-count=8"
    "memorysetup-profiler-bucket-allocator-block-size=33554432"
    "memorysetup-profiler-bucket-allocator-block-count=8"
    "memorysetup-profiler-allocator-block-size=16777216"
    "memorysetup-profiler-editor-allocator-block-size=1048576"
    "memorysetup-temp-allocator-size-main=16777216"
    "memorysetup-job-temp-allocator-block-size=2097152"
    "memorysetup-job-temp-allocator-block-size-background=1048576"
    "memorysetup-job-temp-allocator-reduction-small-platforms=262144"
    "memorysetup-temp-allocator-size-background-worker=32768"
    "memorysetup-temp-allocator-size-job-worker=262144"
    "memorysetup-temp-allocator-size-preload-manager=33554432"
    "memorysetup-temp-allocator-size-nav-mesh-worker=65536"
    "memorysetup-temp-allocator-size-audio-worker=65536"
    "memorysetup-temp-allocator-size-cloud-worker=32768"
    "memorysetup-temp-allocator-size-gi-baking-worker=262144"
    "memorysetup-temp-allocator-size-gfx=262144"
Refreshing native plugins compatible for Editor in 53.89 ms, found 2 plugins.
Preloading 0 native plugins for Editor in 0.00 ms.
Initialize engine version: 2021.3.5f1 (40eb3a945986)
[Subsystems] Discovering subsystems at path /Applications/Unity/Hub/Editor/2021.3.5f1/Unity.app/Contents/Resources/UnitySubsystems
[Subsystems] Discovering subsystems at path /Users/alexo/UnityProjects/GAME351_Project1/Assets
GfxDevice: creating device client; threaded=0; jobified=0
 preferred device: Apple M3 (high power)
Metal devices available: 1
0: Apple M3 (high power)
Using device Apple M3 (high power)
Initializing Metal device caps: Apple M3
Initialize mono
Mono path[0] = '/Applications/Unity/Hub/Editor/2021.3.5f1/Unity.app/Contents/Managed'
Mono path[1] = '/Applications/Unity/Hub/Editor/2021.3.5f1/Unity.app/Contents/MonoBleedingEdge/lib/mono/unityjit-macos'
Mono config path = '/Applications/Unity/Hub/Editor/2021.3.5f1/Unity.app/Contents/MonoBleedingEdge/etc'
Using monoOptions --debugger-agent=transport=dt_socket,embedding=1,server=y,suspend=n,address=127.0.0.1:56367
Begin MonoManager ReloadAssembly
Registering precompiled unity dll's ...
Register platform support module: /Applications/Unity/Hub/Editor/2021.3.5f1/Unity.app/Contents/PlaybackEngines/MacStandaloneSupport/UnityEditor.OSXStandalone.Extensions.dll
Registered in 0.001233 seconds.
Native extension for OSXStandalone target not found
Refreshing native plugins compatible for Editor in 50.60 ms, found 2 plugins.
Preloading 0 native plugins for Editor in 0.00 ms.
Mono: successfully reloaded assembly
- Completed reload, in  0.359 seconds
Domain Reload Profiling:
	ReloadAssembly (359ms)
		BeginReloadAssembly (55ms)
			ExecutionOrderSort (0ms)
			DisableScriptedObjects (0ms)
			BackupInstance (0ms)
			ReleaseScriptingObjects (0ms)
			CreateAndSetChildDomain (0ms)
		EndReloadAssembly (245ms)
			LoadAssemblies (56ms)
			RebuildTransferFunctionScriptingTraits (0ms)
			SetupTypeCache (60ms)
			ReleaseScriptCaches (0ms)
			RebuildScriptCaches (17ms)
			SetupLoadedEditorAssemblies (138ms)
				LogAssemblyErrors (0ms)
				InitializePlatformSupportModulesInManaged (3ms)
				SetLoadedEditorAssemblies (0ms)
				RefreshPlugins (51ms)
				BeforeProcessingInitializeOnLoad (1ms)
				ProcessInitializeOnLoadAttributes (63ms)
				ProcessInitializeOnLoadMethodAttributes (21ms)
				AfterProcessingInitializeOnLoad (0ms)
				EditorAssembliesLoaded (0ms)
			ExecutionOrderSort2 (0ms)
			AwakeInstancesAfterBackupRestoration (0ms)
Platform modules already initialized, skipping
Registering precompiled user dll's ...
Registered in 0.000873 seconds.
Begin MonoManager ReloadAssembly
Symbol file LoadedFromMemory doesn't match image /Users/alexo/UnityProjects/GAME351_Project1/Library/PackageCache/com.unity.visualscripting@1.7.8/Editor/VisualScripting.Core/Dependencies/YamlDotNet/Unity.VisualScripting.YamlDotNet.dll
Symbol file LoadedFromMemory doesn't match image /Users/alexo/UnityProjects/GAME351_Project1/Library/PackageCache/com.unity.visualscripting@1.7.8/Editor/VisualScripting.Core/Dependencies/DotNetZip/Unity.VisualScripting.IonicZip.dll
Native extension for OSXStandalone target not found
Refreshing native plugins compatible for Editor in 0.31 ms, found 2 plugins.
Preloading 0 native plugins for Editor in 0.00 ms.
Mono: successfully reloaded assembly
- Completed reload, in  0.513 seconds
Domain Reload Profiling:
	ReloadAssembly (513ms)
		BeginReloadAssembly (47ms)
			ExecutionOrderSort (0ms)
			DisableScriptedObjects (3ms)
			BackupInstance (0ms)
			ReleaseScriptingObjects (0ms)
			CreateAndSetChildDomain (14ms)
		EndReloadAssembly (405ms)
			LoadAssemblies (47ms)
			RebuildTransferFunctionScriptingTraits (0ms)
			SetupTypeCache (128ms)
			ReleaseScriptCaches (0ms)
			RebuildScriptCaches (32ms)
			SetupLoadedEditorAssemblies (173ms)
				LogAssemblyErrors (0ms)
				InitializePlatformSupportModulesInManaged (2ms)
				SetLoadedEditorAssemblies (0ms)
				RefreshPlugins (0ms)
				BeforeProcessingInitializeOnLoad (40ms)
				ProcessInitializeOnLoadAttributes (117ms)
				ProcessInitializeOnLoadMethodAttributes (14ms)
				AfterProcessingInitializeOnLoad (1ms)
				EditorAssembliesLoaded (0ms)
			ExecutionOrderSort2 (0ms)
			AwakeInstancesAfterBackupRestoration (2ms)
Platform modules already initialized, skipping
========================================================================
Worker process is ready to serve import requests
Launching external process: /Applications/Unity/Hub/Editor/2021.3.5f1/Unity.app/Contents/Tools/UnityShaderCompiler
Launched and connected shader compiler UnityShaderCompiler after 0.03 seconds
Refreshing native plugins compatible for Editor in 0.35 ms, found 2 plugins.
Preloading 0 native plugins for Editor in 0.00 ms.
Unloading 3639 Unused Serialized files (Serialized files now loaded: 0)
Unloading 27 unused Assets / (98.7 KB). Loaded Objects now: 4116.
Memory consumption went from 128.9 MB to 128.8 MB.
Total: 10.309042 ms (FindLiveObjects: 0.141500 ms CreateObjectMapping: 0.034000 ms MarkObjects: 10.041333 ms  DeleteObjects: 0.091333 ms)

AssetImportParameters requested are different than current active one (requested -> active):
  custom:video-decoder-ogg-theora: a1e56fd34408186e4bbccfd4996cb3dc -> 
  custom:container-muxer-webm: aa71ff27fc2769a1b78a27578f13a17b -> 
  custom:container-demuxer-webm: 4f35f7cbe854078d1ac9338744f61a02 -> 
  custom:video-encoder-webm-vp8: eb34c28f22e8b96e1ab97ce403110664 -> 
  custom:framework-osx-AVFoundation: e770b220cccbd017edd2c1fefb359320 -> 
  custom:audio-encoder-webm-vorbis: bf7c407c2cedff20999df2af8eb42d56 -> 
  custom:container-demuxer-ogg: 62fdf1f143b41e24485cea50d1cbac27 -> 
  custom:video-decoder-webm-vp8: 9c59270c3fd7afecdb556c50c9e8de78 -> 
  custom:audio-decoder-ogg-vorbis: bf7c407c2cedff20999df2af8eb42d56 -> 
========================================================================
Received Import Request.
  Time since last request: 41242.649514 seconds.
  path: Assets/Mountain Terrain rocks and tree/Materials/Terrain
  artifactKey: Guid(03e0d0fd7add2224f8fad894d1fbfe73) Importer(815301076,1909f56bfc062723c751e8b465ee728b)
Start importing Assets/Mountain Terrain rocks and tree/Materials/Terrain using Guid(03e0d0fd7add2224f8fad894d1fbfe73) Importer(815301076,1909f56bfc062723c751e8b465ee728b)  -> (artifact id: 'f46947a5e1a12917dac2663efec90116') in 0.009792 seconds 
========================================================================
Received Import Request.
  Time since last request: 0.733826 seconds.
  path: Assets/Mountain Terrain rocks and tree/Materials/Terrain/mountain_terrain_01
  artifactKey: Guid(f37b408346d8ecc438f152763ebf55eb) Importer(815301076,1909f56bfc062723c751e8b465ee728b)
Start importing Assets/Mountain Terrain rocks and tree/Materials/Terrain/mountain_terrain_01 using Guid(f37b408346d8ecc438f152763ebf55eb) Importer(815301076,1909f56bfc062723c751e8b465ee728b)  -> (artifact id: '6c17fce202e89aa4c16f419ba1bcc0ee') in 0.000782 seconds 
========================================================================
Received Import Request.
  Time since last request: 0.036101 seconds.
  path: Assets/Mountain Terrain rocks and tree/Materials/Terrain/mountain_terrain_01/mountain_terrain_01.mat
  artifactKey: Guid(42f8049b0aa7e56428eacc14875ba421) Importer(815301076,1909f56bfc062723c751e8b465ee728b)
Start importing Assets/Mountain Terrain rocks and tree/Materials/Terrain/mountain_terrain_01/mountain_terrain_01.mat using Guid(42f8049b0aa7e56428eacc14875ba421) Importer(815301076,1909f56bfc062723c751e8b465ee728b)  -> (artifact id: '8e0f8e8af0539906619ce6ce8fe49220') in 0.152459 seconds 
========================================================================
Received Import Request.
  Time since last request: 93.760383 seconds.
  path: Assets/Mountain Terrain rocks and tree/Materials/Trees/tree_01
  artifactKey: Guid(50424a17c7092d747abed7aeaaffe0b8) Importer(815301076,1909f56bfc062723c751e8b465ee728b)
Start importing Assets/Mountain Terrain rocks and tree/Materials/Trees/tree_01 using Guid(50424a17c7092d747abed7aeaaffe0b8) Importer(815301076,1909f56bfc062723c751e8b465ee728b)  -> (artifact id: '2bdc1ab6a24feebfcda74bca0d4e2cad') in 0.000675 seconds 
========================================================================
Received Import Request.
  Time since last request: 1.381146 seconds.
  path: Assets/Mountain Terrain rocks and tree/Materials/Trees/tree_01/bark_01.mat
  artifactKey: Guid(dd2d58f7c65a4a942936247c6cd0a55b) Importer(815301076,1909f56bfc062723c751e8b465ee728b)
Start importing Assets/Mountain Terrain rocks and tree/Materials/Trees/tree_01/bark_01.mat using Guid(dd2d58f7c65a4a942936247c6cd0a55b) Importer(815301076,1909f56bfc062723c751e8b465ee728b)  -> (artifact id: '91edba9e44e6f66cb86be27714ec79af') in 0.061726 seconds 
========================================================================
Received Import Request.
  Time since last request: 367.946131 seconds.
  path: Assets/Brick Texture LITE/Prefabs/Floor (1).prefab
  artifactKey: Guid(89bc415a5a98eb44c90b639792443a9a) Importer(815301076,1909f56bfc062723c751e8b465ee728b)
Start importing Assets/Brick Texture LITE/Prefabs/Floor (1).prefab using Guid(89bc415a5a98eb44c90b639792443a9a) Importer(815301076,1909f56bfc062723c751e8b465ee728b)  -> (artifact id: '6abf8d9058e1e3e5ff8427573d19c27f') in 0.075317 seconds 
========================================================================
Received Import Request.
  Time since last request: 0.000056 seconds.
  path: Assets/Brick Texture LITE/Prefabs/Floor (3).prefab
  artifactKey: Guid(73fbf2a6e0d04fe49af173522d54a100) Importer(815301076,1909f56bfc062723c751e8b465ee728b)
Start importing Assets/Brick Texture LITE/Prefabs/Floor (3).prefab using Guid(73fbf2a6e0d04fe49af173522d54a100) Importer(815301076,1909f56bfc062723c751e8b465ee728b)  -> (artifact id: '9cc09e5a1b6493b51925cf95d62ffd11') in 0.005433 seconds 
========================================================================
Received Import Request.
  Time since last request: 329.578789 seconds.
  path: Assets/Brick Texture LITE/Materials/LITE/Big Brick 1.mat
  artifactKey: Guid(561e51eb20343ed46b7af559edb94857) Importer(815301076,1909f56bfc062723c751e8b465ee728b)
Start importing Assets/Brick Texture LITE/Materials/LITE/Big Brick 1.mat using Guid(561e51eb20343ed46b7af559edb94857) Importer(815301076,1909f56bfc062723c751e8b465ee728b)  -> (artifact id: 'e9421c2c84b7e17f7121c76095f366e5') in 0.097499 seconds 
========================================================================
Received Prepare
Registering precompiled user dll's ...
Registered in 0.000922 seconds.
Begin MonoManager ReloadAssembly
Thread 0x311507000 may have been prematurely finalized
Symbol file LoadedFromMemory doesn't match image /Users/alexo/UnityProjects/GAME351_Project1/Library/PackageCache/com.unity.visualscripting@1.7.8/Editor/VisualScripting.Core/Dependencies/YamlDotNet/Unity.VisualScripting.YamlDotNet.dll
Symbol file LoadedFromMemory doesn't match image /Users/alexo/UnityProjects/GAME351_Project1/Library/PackageCache/com.unity.visualscripting@1.7.8/Editor/VisualScripting.Core/Dependencies/DotNetZip/Unity.VisualScripting.IonicZip.dll
Native extension for OSXStandalone target not found
Refreshing native plugins compatible for Editor in 0.41 ms, found 2 plugins.
Preloading 0 native plugins for Editor in 0.00 ms.
Mono: successfully reloaded assembly
- Completed reload, in  0.476 seconds
Domain Reload Profiling:
	ReloadAssembly (477ms)
		BeginReloadAssembly (82ms)
			ExecutionOrderSort (0ms)
			DisableScriptedObjects (2ms)
			BackupInstance (0ms)
			ReleaseScriptingObjects (0ms)
			CreateAndSetChildDomain (35ms)
		EndReloadAssembly (346ms)
			LoadAssemblies (30ms)
			RebuildTransferFunctionScriptingTraits (0ms)
			SetupTypeCache (123ms)
			ReleaseScriptCaches (1ms)
			RebuildScriptCaches (25ms)
			SetupLoadedEditorAssemblies (145ms)
				LogAssemblyErrors (0ms)
				InitializePlatformSupportModulesInManaged (4ms)
				SetLoadedEditorAssemblies (0ms)
				RefreshPlugins (0ms)
				BeforeProcessingInitializeOnLoad (27ms)
				ProcessInitializeOnLoadAttributes (101ms)
				ProcessInitializeOnLoadMethodAttributes (12ms)
				AfterProcessingInitializeOnLoad (0ms)
				EditorAssembliesLoaded (0ms)
			ExecutionOrderSort2 (0ms)
			AwakeInstancesAfterBackupRestoration (2ms)
Platform modules already initialized, skipping
Refreshing native plugins compatible for Editor in 1.06 ms, found 2 plugins.
Preloading 0 native plugins for Editor in 0.00 ms.
Unloading 3621 Unused Serialized files (Serialized files now loaded: 0)
Unloading 22 unused Assets / (0.8 MB). Loaded Objects now: 4162.
Memory consumption went from 291.5 MB to 290.6 MB.
Total: 4.803416 ms (FindLiveObjects: 0.120667 ms CreateObjectMapping: 0.039917 ms MarkObjects: 4.473125 ms  DeleteObjects: 0.169042 ms)

AssetImportParameters requested are different than current active one (requested -> active):
  custom:video-decoder-ogg-theora: a1e56fd34408186e4bbccfd4996cb3dc -> 
  custom:container-muxer-webm: aa71ff27fc2769a1b78a27578f13a17b -> 
  custom:container-demuxer-webm: 4f35f7cbe854078d1ac9338744f61a02 -> 
  custom:video-encoder-webm-vp8: eb34c28f22e8b96e1ab97ce403110664 -> 
  custom:framework-osx-AVFoundation: e770b220cccbd017edd2c1fefb359320 -> 
  custom:audio-encoder-webm-vorbis: bf7c407c2cedff20999df2af8eb42d56 -> 
  custom:container-demuxer-ogg: 62fdf1f143b41e24485cea50d1cbac27 -> 
  custom:video-decoder-webm-vp8: 9c59270c3fd7afecdb556c50c9e8de78 -> 
  custom:audio-decoder-ogg-vorbis: bf7c407c2cedff20999df2af8eb42d56 -> 
========================================================================
Received Import Request.
  Time since last request: 67.314939 seconds.
  path: Assets/_TerrainAutoUpgrade/layer_Cliffs608c3929b87867c.terrainlayer
  artifactKey: Guid(31bf2b5d007204b5386b20282831937c) Importer(815301076,1909f56bfc062723c751e8b465ee728b)
Start importing Assets/_TerrainAutoUpgrade/layer_Cliffs608c3929b87867c.terrainlayer using Guid(31bf2b5d007204b5386b20282831937c) Importer(815301076,1909f56bfc062723c751e8b465ee728b)  -> (artifact id: 'be21cede687c0eac716bc4e4863112f3') in 0.104551 seconds 
========================================================================
Received Import Request.
  Time since last request: 0.000054 seconds.
  path: Assets/_TerrainAutoUpgrade/layer_RockGrassy608c3929b87867c.terrainlayer
  artifactKey: Guid(d97547607cc5848639072566e0740e77) Importer(815301076,1909f56bfc062723c751e8b465ee728b)
Start importing Assets/_TerrainAutoUpgrade/layer_RockGrassy608c3929b87867c.terrainlayer using Guid(d97547607cc5848639072566e0740e77) Importer(815301076,1909f56bfc062723c751e8b465ee728b)  -> (artifact id: '331244c4fbfff9695d70ac94fa488a4e') in 0.004834 seconds 
========================================================================
Received Import Request.
  Time since last request: 0.000031 seconds.
  path: Assets/_TerrainAutoUpgrade/layer_Gravel608c3929b87867c.terrainlayer
  artifactKey: Guid(55b35352c295949d7a336ec5d75d0d34) Importer(815301076,1909f56bfc062723c751e8b465ee728b)
Start importing Assets/_TerrainAutoUpgrade/layer_Gravel608c3929b87867c.terrainlayer using Guid(55b35352c295949d7a336ec5d75d0d34) Importer(815301076,1909f56bfc062723c751e8b465ee728b)  -> (artifact id: '71ea9357606d5310995198c1046da125') in 0.005226 seconds 
========================================================================
Received Import Request.
  Time since last request: 15.885835 seconds.
  path: Assets/Mountain Terrain rocks and tree/Materials/Terrain/mountain_terrain_01/NewLayer.terrainlayer
  artifactKey: Guid(2e8880504159b4d7d9cfe88ae3743291) Importer(815301076,1909f56bfc062723c751e8b465ee728b)
Start importing Assets/Mountain Terrain rocks and tree/Materials/Terrain/mountain_terrain_01/NewLayer.terrainlayer using Guid(2e8880504159b4d7d9cfe88ae3743291) Importer(815301076,1909f56bfc062723c751e8b465ee728b)  -> (artifact id: '5f64504054264319b7b931f8dd51fff1') in 0.014566 seconds 
========================================================================
Received Import Request.
  Time since last request: 4.247072 seconds.
  path: Assets/AQUAS-Lite/Demo/Textures/RockGrassy.jpg
  artifactKey: Guid(d64e707b7eb5d144fa11d381b14d1fa1) Importer(815301076,1909f56bfc062723c751e8b465ee728b)
Start importing Assets/AQUAS-Lite/Demo/Textures/RockGrassy.jpg using Guid(d64e707b7eb5d144fa11d381b14d1fa1) Importer(815301076,1909f56bfc062723c751e8b465ee728b)  -> (artifact id: '5788dbec9d4e48e751aa4c1c6080c90a') in 0.407630 seconds 
========================================================================
Received Import Request.
  Time since last request: 18.171016 seconds.
  path: Assets/AQUAS-Lite/Demo/Textures/Grass.jpg
  artifactKey: Guid(34429bd1432eead4281c991a7f86aec7) Importer(815301076,1909f56bfc062723c751e8b465ee728b)
Start importing Assets/AQUAS-Lite/Demo/Textures/Grass.jpg using Guid(34429bd1432eead4281c991a7f86aec7) Importer(815301076,1909f56bfc062723c751e8b465ee728b)  -> (artifact id: '252409bee3ea0e91fce75b1a60c28539') in 0.012729 seconds 
========================================================================
Received Import Request.
  Time since last request: 19.106884 seconds.
  path: Assets/AQUAS-Lite/Models/WaterPlane.fbx
  artifactKey: Guid(c9c3797c5d4107747a25bfa19fd7ae39) Importer(815301076,1909f56bfc062723c751e8b465ee728b)
Start importing Assets/AQUAS-Lite/Models/WaterPlane.fbx using Guid(c9c3797c5d4107747a25bfa19fd7ae39) Importer(815301076,1909f56bfc062723c751e8b465ee728b)  -> (artifact id: '5a8b4a328f5589a68325aacd877467a6') in 0.101417 seconds 
========================================================================
Received Import Request.
  Time since last request: 1.883459 seconds.
  path: Assets/AQUAS-Lite/Prefabs/WaterPlane.prefab
  artifactKey: Guid(6488b6e6bbe8a9c4585b531a71d8211c) Importer(815301076,1909f56bfc062723c751e8b465ee728b)
Start importing Assets/AQUAS-Lite/Prefabs/WaterPlane.prefab using Guid(6488b6e6bbe8a9c4585b531a71d8211c) Importer(815301076,1909f56bfc062723c751e8b465ee728b)  -> (artifact id: '8838be9e3c154160f43fa461e6e09ca8') in 0.686905 seconds 
========================================================================
Received Import Request.
  Time since last request: 106.366204 seconds.
  path: Assets/AQUAS-Lite/Textures/Waves_HiRes.png
  artifactKey: Guid(0d05b23ea2d999b47825c6c522e25adc) Importer(815301076,1909f56bfc062723c751e8b465ee728b)
Start importing Assets/AQUAS-Lite/Textures/Waves_HiRes.png using Guid(0d05b23ea2d999b47825c6c522e25adc) Importer(815301076,1909f56bfc062723c751e8b465ee728b)  -> (artifact id: 'f23831c764f4742948c37425bd6ef7ec') in 0.142290 seconds 
========================================================================
Received Import Request.
  Time since last request: 174.958992 seconds.
  path: Assets/AQUAS-Lite/Prefabs/WaterPlane.prefab
  artifactKey: Guid(6488b6e6bbe8a9c4585b531a71d8211c) Importer(815301076,1909f56bfc062723c751e8b465ee728b)
Start importing Assets/AQUAS-Lite/Prefabs/WaterPlane.prefab using Guid(6488b6e6bbe8a9c4585b531a71d8211c) Importer(815301076,1909f56bfc062723c751e8b465ee728b)  -> (artifact id: 'e29ec6fed9b26aa443d997bdfdbbeaf3') in 0.067580 seconds 
========================================================================
Received Import Request.
  Time since last request: 345.218844 seconds.
  path: Assets/AQUAS-Lite/Prefabs/WaterPlane.prefab
  artifactKey: Guid(6488b6e6bbe8a9c4585b531a71d8211c) Importer(815301076,1909f56bfc062723c751e8b465ee728b)
Start importing Assets/AQUAS-Lite/Prefabs/WaterPlane.prefab using Guid(6488b6e6bbe8a9c4585b531a71d8211c) Importer(815301076,1909f56bfc062723c751e8b465ee728b)  -> (artifact id: 'c3a84d55e3426d5ee5c4dc1fb81f69b3') in 0.044566 seconds 
========================================================================
Received Import Request.
  Time since last request: 435.010226 seconds.
  path: Assets/AQUAS-Lite/Demo/Textures/Grass_normal.jpg
  artifactKey: Guid(90b846a0f2d470248a7f4e706a1ef73a) Importer(815301076,1909f56bfc062723c751e8b465ee728b)
Start importing Assets/AQUAS-Lite/Demo/Textures/Grass_normal.jpg using Guid(90b846a0f2d470248a7f4e706a1ef73a) Importer(815301076,1909f56bfc062723c751e8b465ee728b)  -> (artifact id: '9884c1c63400e04a362aae08172c796e') in 0.041297 seconds 
========================================================================
Received Import Request.
  Time since last request: 15.620166 seconds.
  path: Assets/AQUAS-Lite/Demo/Textures/Gravel.jpg
  artifactKey: Guid(fe4e2613219b2654c82dd59079667fe6) Importer(815301076,1909f56bfc062723c751e8b465ee728b)
Start importing Assets/AQUAS-Lite/Demo/Textures/Gravel.jpg using Guid(fe4e2613219b2654c82dd59079667fe6) Importer(815301076,1909f56bfc062723c751e8b465ee728b)  -> (artifact id: 'd0840b2a8052d225ca46ece62074dd8d') in 0.011427 seconds 
========================================================================
Received Import Request.
  Time since last request: 32.036608 seconds.
  path: Assets/AQUAS-Lite/Demo/Textures/Gravel_normal.jpg
  artifactKey: Guid(83aafc05457cf62498959bba131b4ee2) Importer(815301076,1909f56bfc062723c751e8b465ee728b)
Start importing Assets/AQUAS-Lite/Demo/Textures/Gravel_normal.jpg using Guid(83aafc05457cf62498959bba131b4ee2) Importer(815301076,1909f56bfc062723c751e8b465ee728b)  -> (artifact id: '20bb6585079c48a913ca784adc86b6b1') in 0.014561 seconds 
========================================================================
Received Import Request.
  Time since last request: 203.418582 seconds.
  path: Assets/AQUAS-Lite/Demo/Textures/Cliffs.jpg
  artifactKey: Guid(ea2cf029f996b84418c75102c55065fc) Importer(815301076,1909f56bfc062723c751e8b465ee728b)
Start importing Assets/AQUAS-Lite/Demo/Textures/Cliffs.jpg using Guid(ea2cf029f996b84418c75102c55065fc) Importer(815301076,1909f56bfc062723c751e8b465ee728b)  -> (artifact id: 'd8bef7a9a4cd7f84af6055cd3a9d87c9') in 0.013165 seconds 
========================================================================
Received Import Request.
  Time since last request: 215.705378 seconds.
  path: Assets/AQUAS-Lite/Prefabs/NewLayer.terrainlayer
  artifactKey: Guid(ae249d16bf8244dffb951f144c594ae2) Importer(815301076,1909f56bfc062723c751e8b465ee728b)
Start importing Assets/AQUAS-Lite/Prefabs/NewLayer.terrainlayer using Guid(ae249d16bf8244dffb951f144c594ae2) Importer(815301076,1909f56bfc062723c751e8b465ee728b)  -> (artifact id: 'f701c0e51d993f5bd3354cccd40166d4') in 0.031120 seconds 
========================================================================
Received Import Request.
  Time since last request: 183.055407 seconds.
  path: Assets/AQUAS-Lite/Textures/Waves_LoRes.png
  artifactKey: Guid(ef5d03cb57f820145b89db1123c104c6) Importer(815301076,1909f56bfc062723c751e8b465ee728b)
Start importing Assets/AQUAS-Lite/Textures/Waves_LoRes.png using Guid(ef5d03cb57f820145b89db1123c104c6) Importer(815301076,1909f56bfc062723c751e8b465ee728b)  -> (artifact id: '078cf8a124b82f9108f9d34d140bcfe1') in 0.022520 seconds 
========================================================================
Received Import Request.
  Time since last request: 100.937948 seconds.
  path: Assets/Brick Texture LITE/Textures/S1_Black_White/Plane 3D_lambert1_AlbedoTransparency.png
  artifactKey: Guid(132b3a0c2e28bc44dabb27854db18c39) Importer(815301076,1909f56bfc062723c751e8b465ee728b)
Start importing Assets/Brick Texture LITE/Textures/S1_Black_White/Plane 3D_lambert1_AlbedoTransparency.png using Guid(132b3a0c2e28bc44dabb27854db18c39) Importer(815301076,1909f56bfc062723c751e8b465ee728b)  -> (artifact id: 'a16db374e96c17d669d6ad01d0f3f35b') in 0.017961 seconds 
========================================================================
Received Import Request.
  Time since last request: 0.002426 seconds.
  path: Assets/Brick Texture LITE/Textures/S1_Black_White/Plane 3D_lambert1_Normal.png
  artifactKey: Guid(047c60460ab3dd34c89d9de0c62e90af) Importer(815301076,1909f56bfc062723c751e8b465ee728b)
Start importing Assets/Brick Texture LITE/Textures/S1_Black_White/Plane 3D_lambert1_Normal.png using Guid(047c60460ab3dd34c89d9de0c62e90af) Importer(815301076,1909f56bfc062723c751e8b465ee728b)  -> (artifact id: 'b4856ac06ae6c6cc70a83745c6a28d39') in 0.012231 seconds 
========================================================================
Received Import Request.
  Time since last request: 3.858254 seconds.
  path: Assets/Brick Texture LITE/Textures/S2_Yellow_Bricks/Plane 3D_lambert1_AlbedoTransparency.png
  artifactKey: Guid(cd6bfc23406f42f449bb8222f80c72f1) Importer(815301076,1909f56bfc062723c751e8b465ee728b)
Start importing Assets/Brick Texture LITE/Textures/S2_Yellow_Bricks/Plane 3D_lambert1_AlbedoTransparency.png using Guid(cd6bfc23406f42f449bb8222f80c72f1) Importer(815301076,1909f56bfc062723c751e8b465ee728b)  -> (artifact id: '41f96d1861f24e7e01928de00e5039cc') in 0.009899 seconds 
========================================================================
Received Import Request.
  Time since last request: 78.953021 seconds.
  path: Assets/AQUAS-Lite/Demo/Textures/Cliffs_normal.jpg
  artifactKey: Guid(5e2137d62de0b4846ac0dd23bc393af0) Importer(815301076,1909f56bfc062723c751e8b465ee728b)
Start importing Assets/AQUAS-Lite/Demo/Textures/Cliffs_normal.jpg using Guid(5e2137d62de0b4846ac0dd23bc393af0) Importer(815301076,1909f56bfc062723c751e8b465ee728b)  -> (artifact id: '9c90c7d364288c6aaa6a3183dce41031') in 0.015668 seconds 
========================================================================
Received Import Request.
  Time since last request: 107.615571 seconds.
  path: Assets/_TerrainAutoUpgrade/layer_Gravel608c3929b87867c.terrainlayer
  artifactKey: Guid(55b35352c295949d7a336ec5d75d0d34) Importer(815301076,1909f56bfc062723c751e8b465ee728b)
Start importing Assets/_TerrainAutoUpgrade/layer_Gravel608c3929b87867c.terrainlayer using Guid(55b35352c295949d7a336ec5d75d0d34) Importer(815301076,1909f56bfc062723c751e8b465ee728b)  -> (artifact id: 'ae2076075296669f1431c15f05017091') in 0.017228 seconds 
